[26-Dec-2025 23:37:48 Africa/Brazzaville] Contact Request - Content-Type: application/json
[26-Dec-2025 23:37:48 Africa/Brazzaville] Contact Request - Is JSON: YES
[26-Dec-2025 23:37:48 Africa/Brazzaville] Contact Form Data: Array
(
    [name] => John Doe
    [email] => doejohn@gmail.com
    [phone] => 09087654321
    [subject] => Admission Inquiry
    [message] => Hello, I would like information about admissions for the next term. Please advise on requirements and fees.
)

[26-Dec-2025 23:44:33 Africa/Brazzaville] Application Request - Content-Type: application/json
[26-Dec-2025 23:44:33 Africa/Brazzaville] Application Request - Is JSON: YES
[26-Dec-2025 23:44:33 Africa/Brazzaville] Application Form Data: Array
(
    [fullName] => Samuel David
    [dob] => 2019-01-10
    [religion] => Christianity
    [gender] => Male
    [classInterest] => Primary 1-3
    [nationality] => Nigeria
    [state] => Abuja
    [city] => Lokogoma
    [address] => No 10 crescent street, opposite living faith
    [studentPhone] => 
    [studentEmail] => 
    [motherName] => Faith David
    [fatherName] => David David
    [motherPhone] => 2348098765432
    [fatherPhone] => 2347098765432
    [parentEmail] => davidfaith@example.com
    [parentAddress] => No 10 crescent street, opposite living faith
)

[26-Dec-2025 23:49:44 Africa/Brazzaville] Application Request - Content-Type: application/json
[26-Dec-2025 23:49:44 Africa/Brazzaville] Application Request - Is JSON: YES
[26-Dec-2025 23:49:44 Africa/Brazzaville] Application Form Data: Array
(
    [fullName] => samuel samson jr
    [dob] => 2020-09-14
    [religion] => Christianity
    [gender] => Male
    [classInterest] => Primary 1-3
    [nationality] => Nigeria
    [state] => Kaduna
    [city] => Mahuta
    [address] => opposite oando filling station
    [studentPhone] => 2348012345678
    [studentEmail] => samuelson@example.com
    [motherName] => Rebecca Samson
    [fatherName] => Samuel Samson
    [motherPhone] => 2349087654321
    [fatherPhone] => 2348098765432
    [parentEmail] => samuelson@example.com
    [parentAddress] => opposite oando filling station
)

[27-Dec-2025 00:07:25 Africa/Brazzaville] Application Request - Content-Type: application/json
[27-Dec-2025 00:07:25 Africa/Brazzaville] Application Request - Is JSON: YES
[27-Dec-2025 00:07:25 Africa/Brazzaville] Application Form Data: Array
(
    [fullName] => samuel samson jr
    [dob] => 2020-05-04
    [religion] => Christianity
    [gender] => Male
    [classInterest] => Primary 1-3
    [nationality] => Nigeria
    [state] => Kaduna
    [city] => Mahuta
    [address] => opposite oando filling station
    [studentPhone] => 2348012345678
    [studentEmail] => samuelson@example.com
    [motherName] => Rebecca Samson
    [fatherName] => Samuel Samson
    [motherPhone] => 2349098765432
    [fatherPhone] => 2348098765432
    [parentEmail] => samuelson@example.com
    [parentAddress] => opposite oando filling station
)

[27-Dec-2025 00:17:41 Africa/Brazzaville] Application Request - Content-Type: application/json
[27-Dec-2025 00:17:41 Africa/Brazzaville] Application Request - Is JSON: YES
[27-Dec-2025 00:17:41 Africa/Brazzaville] Application Form Data: Array
(
    [fullName] => samuel samson jr
    [dob] => 2020-05-18
    [religion] => Christianity
    [gender] => Male
    [classInterest] => Primary 1-3
    [nationality] => Nigeria
    [state] => Kaduna
    [city] => Mahuta
    [address] => opposite oando filling station
    [studentPhone] => 2348012345678
    [studentEmail] => samuelson@example.com
    [motherName] => Rebecca Samson
    [fatherName] => Samuel Samson
    [motherPhone] => 2349098765432
    [fatherPhone] => 2348098765432
    [parentEmail] => samuelson@example.com
    [parentAddress] => opposite oando filling station
)

