[13-Jan-2026 10:57:52 Africa/Lagos] Contact Request - Content-Type: application/json
[13-Jan-2026 10:57:52 Africa/Lagos] Contact Request - Is JSON: YES
[13-Jan-2026 10:57:52 Africa/Lagos] Contact Form Data: Array
(
    [name] => samuel samson
    [email] => samuelson@example.com
    [phone] => 08012345678
    [subject] => Admission Inquiry
    [message] => Just want to know the admission requirements for the school and school fees. Thank you.
)

[13-Jan-2026 10:57:52 Africa/Lagos] Extracted Fields: Array
(
    [name] => samuel samson
    [email] => samuelson@example.com
    [phone] => 08012345678
    [subject] => Admission Inquiry
    [message] => Just want to know the admission requirements for the school and school fees. Thank you.
)

[13-Jan-2026 10:57:52 Africa/Lagos] Contact saved with ID: 13
[13-Jan-2026 10:57:52 Africa/Lagos] Email sending failed: SMTP Error: Could not connect to SMTP host. Failed to connect to server
[05-Feb-2026 12:44:28 Africa/Lagos] Contact Request - Content-Type: application/json
[05-Feb-2026 12:44:28 Africa/Lagos] Contact Request - Is JSON: YES
[05-Feb-2026 12:44:28 Africa/Lagos] Contact Form Data: Array
(
    [name] => John Doe
    [email] => johndoe1@gmail.com
    [phone] => +23490987654342
    [subject] => Admission Enquiry
    [message] => Please i am asking in regards to school fees and educational forums. thank you
)

[05-Feb-2026 12:44:28 Africa/Lagos] Extracted Fields: Array
(
    [name] => John Doe
    [email] => johndoe1@gmail.com
    [phone] => +23490987654342
    [subject] => Admission Enquiry
    [message] => Please i am asking in regards to school fees and educational forums. thank you
)

[05-Feb-2026 12:44:28 Africa/Lagos] Contact saved with ID: 14
[05-Feb-2026 12:44:32 Africa/Lagos] Contact email sent successfully
[05-Feb-2026 12:46:40 Africa/Lagos] Application Request - Content-Type: application/json
[05-Feb-2026 12:46:40 Africa/Lagos] Application Request - Is JSON: YES
[05-Feb-2026 12:46:40 Africa/Lagos] Application Form Data: Array
(
    [fullName] => John Doe
    [dob] => 2018-02-05
    [religion] => Christianity
    [gender] => Male
    [classInterest] => Primary 1-3
    [nationality] => Nigeria
    [state] => Kaduna
    [city] => Sabo
    [address] => opposite valid filling station, ugwan pama sabo
    [studentPhone] => 23490876565432
    [studentEmail] => 
    [motherName] => Martha Doe
    [fatherName] => James Doe
    [motherPhone] => 23490876565432
    [fatherPhone] => 23490876565432
    [parentEmail] => parent.example@gmail.com
    [parentAddress] => opposite valid filling station, ugwan pama sabo
)

[05-Feb-2026 12:46:40 Africa/Lagos] Extracted Fields: Array
(
    [full_name] => John Doe
    [dob] => 2018-02-05
    [religion] => Christianity
    [class_interest] => Primary 1-3
    [gender] => Male
    [address] => opposite valid filling station, ugwan pama sabo
    [nationality] => Nigeria
    [state] => Kaduna
    [city] => Sabo
    [student_phone] => 23490876565432
    [student_email] => 
    [mother_name] => Martha Doe
    [father_name] => James Doe
    [mother_phone] => 23490876565432
    [father_phone] => 23490876565432
    [parent_email] => parent.example@gmail.com
    [parent_address] => opposite valid filling station, ugwan pama sabo
)

[05-Feb-2026 12:46:40 Africa/Lagos] Application DB Data: Array
(
    [:full_name] => John Doe
    [:date_of_birth] => 2018-02-05
    [:religion] => Christianity
    [:class_interest] => Primary 1-3
    [:gender] => Male
    [:address] => opposite valid filling station, ugwan pama sabo
    [:nationality] => Nigeria
    [:state] => Kaduna
    [:city] => Sabo
    [:student_phone] => 23490876565432
    [:student_email] => 
    [:mother_name] => Martha Doe
    [:father_name] => James Doe
    [:mother_phone] => 23490876565432
    [:father_phone] => 23490876565432
    [:parent_email] => parent.example@gmail.com
    [:parent_address] => opposite valid filling station, ugwan pama sabo
    [:application_id] => APP202602050E7D83
)

[05-Feb-2026 12:46:40 Africa/Lagos] Prepared SQL: 
        INSERT INTO applications (
            full_name, date_of_birth, religion, class_interest, gender, address,
            nationality, state, city, student_phone, student_email, 
            mother_name, father_name, mother_phone, father_phone, 
            parent_email, parent_address,
            submission_date, status, application_id
        ) VALUES (
            :full_name, :date_of_birth, :religion, :class_interest, :gender, :address,
            :nationality, :state, :city, :student_phone, :student_email,
            :mother_name, :father_name, :mother_phone, :father_phone,
            :parent_email, :parent_address,
            NOW(), 'pending', :application_id
        )
    
[05-Feb-2026 12:46:40 Africa/Lagos] Application saved successfully. App ID: APP202602050E7D83, DB ID: 4
[05-Feb-2026 12:46:45 Africa/Lagos] Application email sent successfully for Application ID: APP202602050E7D83
